[LOG] System::create                           : Header version = 1.10.05. Current version = 1.10.05.
[LOG] SystemI::setOutputInternal               : Setting output to 'FMOD WASAPI Output'
[LOG] Manager::init                            : maxchannels = 1024 studioflags = 00000009 flags 00000000 extradriverdata 0000000000000000.
[LOG] SystemI::init                            : Initialize version=11005 (94661), maxchannels=1024, flags=0x00030000
[LOG] OutputWASAPI::init                       : Mix Format (WAVEFORMATEX): wFormatTag=0xFFFE, nChannels=2, nSamplesPerSec=48000, nAvgBytesPerSec=384000, nBlockAlign=8, wBitsPerSample=32, cbSize=22.
[LOG] OutputWASAPI::init                       : Mix Format (WAVEFORMATEXTENSIBLE): wValidBitsPerSample=32, dwChannelMask=0x00000003, SubFormat=00000003-0000-0010-8000-00AA00389B71.
[LOG] OutputWASAPI::init                       : Output buffer size: 4096 samples, latency: 0.00ms, period: 10.00ms, DSP buffer: 1024 * 4
[LOG] Thread::initThread                       : Init FMOD stream thread. Priority: 2, Stack Size: 65536, Semaphore: No, Sleep Time: 10, Looping: Yes.
[LOG] SystemI::DSPCodecPoolRegister            : register codec pool for pool type 5
[LOG] Thread::initThread                       : Init FMOD mixer thread. Priority: 3, Stack Size: 49152, Semaphore: No, Sleep Time: 0, Looping: Yes.
[LOG] AsyncManager::init                       : manager 0000000065595018 isAsync 1 updatePeriod 0.02
[LOG] Thread::initThread                       : Init FMOD Studio update thread. Priority: 0, Stack Size: 65536, Semaphore: No, Sleep Time: 1, Looping: No.
[LOG] AsyncManager::init                       : done
[LOG] PlaybackSystem::init                     : 
[LOG] Thread::initThread                       : Init FMOD Studio sample load thread. Priority: 0, Stack Size: 65536, Semaphore: No, Sleep Time: 1, Looping: No.
[LOG] PlaybackSystem::init                     : done
[LOG] LiveUpdate::init                         : 
[LOG] Thread::initThread                       : Init FMOD Studio bank load thread. Priority: 0, Stack Size: 65536, Semaphore: No, Sleep Time: 1, Looping: No.
[LOG] Manager::init                            : done.
[LOG] Profile::init                            : Profiler listening on port: 9264
[LOG] Manager::readBank                        : fileversion = 100, compatVersion = 99 (oldest = 44, newest = 100)
[LOG] Manager::readBank                        : fileversion = 100, compatVersion = 99 (oldest = 44, newest = 100)
[LOG] PlaybackSystem::acquireMasterBus         : Setting master channel group format to 3
[LOG] SystemI::createSound                     : filename = Assets\FMODBanks/Master Bank.bank : mode 02010082
[LOG] SystemI::createSound                     : FMOD_NONBLOCKING specified.  Putting into queue to be opened asynchronously!
[LOG] Thread::initThread                       : Init FMOD nonblocking thread (0). Priority: 1, Stack Size: 81920, Semaphore: Yes, Sleep Time: 0, Looping: Yes.
[LOG] SystemI::createSound                     : setdata soundi = 0000000043323558 : node = 00000000649F5FF0
[LOG] SystemI::createSound                     : add node to async list : head = 0000000064DB59B8.  list count = 0
[LOG] AsyncThread::threadFunc                  : Starting Asynchronous operation on sound 0000000043323558
[LOG] SystemI::createSound                     : filename = Assets\FMODBanks/Master Bank.bank : mode 02010082
[LOG] SystemI::createSoundInternal             :     Create name='Assets\FMODBanks/Master Bank.bank', mode=0x02010082
[LOG] SystemI::createSound                     :     FMOD_NONBLOCKING specified.  Putting into queue to be opened asynchronously!
[LOG] SystemI::createSoundInternal             :     exinfo->cbsize             = 232
[LOG] SystemI::createSoundInternal             :     exinfo->length             = 10900224
[LOG] SystemI::createSound                     :     setdata soundi = 0000000043322E98 : node = 00000000649F52D0
[LOG] SystemI::createSoundInternal             :     exinfo->fileoffset         = 54112
[LOG] SystemI::createSound                     :     add node to async list : head = 0000000064DB59B8.  list count = 0
[LOG] SystemI::createSoundInternal             :     exinfo->numsubsounds       = 1
[LOG] SystemI::createSoundInternal             :     exinfo->inclusionlist      = 00000000649F6108
[LOG] SystemI::createSound                     :     filename = Assets\FMODBanks/Master Bank.bank : mode 02010082
[LOG] SystemI::createSoundInternal             :     exinfo->inclusionlistnum   = 1
[LOG] SystemI::createSound                     :     FMOD_NONBLOCKING specified.  Putting into queue to be opened asynchronously!
[LOG] SystemI::createSoundInternal             :     exinfo->suggestedsoundtype = 5
[LOG] SystemI::createSoundInternal             :     exinfo->initialseekpostype = 1
[LOG] SystemI::createSound                     :     setdata soundi = 0000000043323C18 : node = 00000000649F6290
[LOG] SystemI::createSound                     :     add node to async list : head = 0000000064DB59B8.  list count = 1
[LOG] SystemI::createSoundInternal             :     Create name='', mode=0x02000202
[LOG] SystemI::createSoundInternal             :     exinfo->cbsize             = 232
[LOG] SystemI::createSoundInternal             :     exinfo->length             = 10900224
[LOG] SystemI::createSoundInternal             :     exinfo->fileoffset         = 54112
[LOG] SystemI::createSoundInternal             :     exinfo->numsubsounds       = 1
[LOG] SystemI::createSoundInternal             :     exinfo->inclusionlist      = 000000007D0AF5FC
[LOG] SystemI::createSoundInternal             :     exinfo->inclusionlistnum   = 1
[LOG] SystemI::createSoundInternal             :     exinfo->suggestedsoundtype = 5
[LOG] SystemI::createSoundInternal             :     exinfo->useropen           = 00007FF8CF26E4B0
[LOG] SystemI::createSoundInternal             :     exinfo->userclose          = 00007FF8CF26E480
[LOG] SystemI::createSoundInternal             :     exinfo->userread           = 00007FF8CF26E580
[LOG] SystemI::createSoundInternal             :     exinfo->userseek           = 00007FF8CF26E640
[LOG] SystemI::createSoundInternal             :     exinfo->fileuserdata       = 000000006472FC88
[LOG] SystemI::createSoundInternal             :     exinfo->initialseekpostype = 1
[LOG] SystemI::DSPCodecPoolRegister            :     register codec pool for pool type 5
[LOG] SystemI::createSoundInternal             :     Stream 0/1: name='LDMusic_Layer01', format=2, channels=2, frequency=48000, lengthbytes=3324448, lengthpcm=5266285, pcmblocksize=0, loopstart=0, loopend=0, mode=0x00000000, channelmask=0x00000000, channelorder=0, peakvolume=0.892914.
[LOG] SystemI::createSoundInternal             :     Sample 0/1: name='enemyVO_grunts03', format=2, channels=1, frequency=48000, lengthbytes=21152, lengthpcm=68250, pcmblocksize=0, loopstart=0, loopend=0, mode=0x00000000, channelmask=0x00000000, channelorder=0, peakvolume=0.688171.
[LOG] SystemI::createSoundInternal             :     Create name='', mode=0x02000202
[LOG] SystemI::createSoundInternal             :     exinfo->cbsize             = 232
[LOG] SystemI::createSoundInternal             :     exinfo->length             = 10900224
[LOG] SystemI::createSoundInternal             :     exinfo->fileoffset         = 54112
[LOG] SystemI::createSoundInternal             :     exinfo->numsubsounds       = 1
[LOG] SystemI::createSoundInternal             :     exinfo->inclusionlist      = 000000007D0AF5FC
[LOG] SystemI::createSoundInternal             :     exinfo->inclusionlistnum   = 1
[LOG] SystemI::createSoundInternal             :     exinfo->suggestedsoundtype = 5
[LOG] SystemI::createSoundInternal             :     exinfo->useropen           = 00007FF8CF26E4B0
[LOG] SystemI::createSoundInternal             :     exinfo->userclose          = 00007FF8CF26E480
[LOG] SystemI::createSoundInternal             :     exinfo->userread           = 00007FF8CF26E580
[LOG] SystemI::createSoundInternal             :     exinfo->userseek           = 00007FF8CF26E640
[LOG] SystemI::createSoundInternal             :     exinfo->fileuserdata       = 000000006472FC88
[LOG] SystemI::createSoundInternal             :     exinfo->initialseekpostype = 1
[LOG] SystemI::DSPCodecPoolRegister            :     register codec pool for pool type 5
[LOG] SystemI::createSoundInternal             :     Sample 0/1: name='enemyVO_grunts01', format=2, channels=1, frequency=48000, lengthbytes=20704, lengthpcm=58500, pcmblocksize=0, loopstart=0, loopend=0, mode=0x00000000, channelmask=0x00000000, channelorder=0, peakvolume=0.636322.
[LOG] SystemI::createSoundInternal             :     Create name='', mode=0x02000202
[LOG] SystemI::createSoundInternal             :     exinfo->cbsize             = 232
[LOG] SystemI::createSoundInternal             :     exinfo->length             = 10900224
[LOG] SystemI::createSoundInternal             :     exinfo->fileoffset         = 54112
[LOG] SystemI::createSoundInternal             :     exinfo->numsubsounds       = 1
[LOG] SystemI::createSoundInternal             :     exinfo->inclusionlist      = 000000007D0AF5FC
[LOG] SystemI::createSoundInternal             :     exinfo->inclusionlistnum   = 1
[LOG] SystemI::createSoundInternal             :     exinfo->suggestedsoundtype = 5
[LOG] SystemI::createSoundInternal             :     exinfo->useropen           = 00007FF8CF26E4B0
[LOG] SystemI::createSoundInternal             :     exinfo->userclose          = 00007FF8CF26E480
[LOG] SystemI::createSoundInternal             :     exinfo->userread           = 00007FF8CF26E580
[LOG] SystemI::createSoundInternal             :     exinfo->userseek           = 00007FF8CF26E640
[LOG] SystemI::createSoundInternal             :     exinfo->fileuserdata       = 000000006472FC88
[LOG] SystemI::createSoundInternal             :     exinfo->initialseekpostype = 1
[LOG] SystemI::DSPCodecPoolRegister            :     register codec pool for pool type 5
[LOG] SystemI::createSoundInternal             :     Sample 0/1: name='enemyVO_grunts02', format=2, channels=1, frequency=48000, lengthbytes=21536, lengthpcm=65999, pcmblocksize=0, loopstart=0, loopend=0, mode=0x00000000, channelmask=0x00000000, channelorder=0, peakvolume=0.642334.
[LOG] Thread::initThread                       :     Init FMOD file thread. Priority: 1, Stack Size: 16384, Semaphore: No, Sleep Time: 10, Looping: Yes.
[LOG] AsyncThread::threadFunc                  : Finished Asynchronous operation on sound 0000000043323558
[LOG] AsyncThread::threadFunc                  : Starting Asynchronous operation on sound 0000000043322E98
[LOG] SystemI::createSoundInternal             :     Create name='Assets\FMODBanks/Master Bank.bank', mode=0x02010082
[LOG] SystemI::createSoundInternal             :     exinfo->cbsize             = 232
[LOG] SystemI::createSoundInternal             :     exinfo->length             = 10900224
[LOG] SystemI::createSoundInternal             :     exinfo->fileoffset         = 54112
[LOG] SystemI::createSoundInternal             :     exinfo->numsubsounds       = 1
[LOG] SystemI::createSoundInternal             :     exinfo->inclusionlist      = 00000000649F53E8
[LOG] SystemI::createSoundInternal             :     exinfo->inclusionlistnum   = 1
[LOG] SystemI::createSoundInternal             :     exinfo->suggestedsoundtype = 5
[LOG] SystemI::createSoundInternal             :     exinfo->initialseekpostype = 1
[LOG] SystemI::createSoundInternal             :     Stream 0/1: name='LDMusic_Layer02', format=2, channels=2, frequency=48000, lengthbytes=3170144, lengthpcm=5266285, pcmblocksize=0, loopstart=0, loopend=0, mode=0x00000000, channelmask=0x00000000, channelorder=0, peakvolume=0.955048.
[LOG] AsyncThread::threadFunc                  : Finished Asynchronous operation on sound 0000000043322E98
[LOG] AsyncThread::threadFunc                  : Starting Asynchronous operation on sound 0000000043323C18
[LOG] SystemI::createSoundInternal             :     Create name='Assets\FMODBanks/Master Bank.bank', mode=0x02010082
[LOG] SystemI::createSoundInternal             :     exinfo->cbsize             = 232
[LOG] SystemI::createSoundInternal             :     exinfo->length             = 10900224
[LOG] SystemI::createSoundInternal             :     exinfo->fileoffset         = 54112
[LOG] SystemI::createSoundInternal             :     exinfo->numsubsounds       = 1
[LOG] SystemI::createSoundInternal             :     exinfo->inclusionlist      = 00000000649F63A8
[LOG] SystemI::createSoundInternal             :     exinfo->inclusionlistnum   = 1
[LOG] SystemI::createSoundInternal             :     exinfo->suggestedsoundtype = 5
[LOG] SystemI::createSoundInternal             :     exinfo->initialseekpostype = 1
[LOG] SystemI::createSoundInternal             :     Stream 0/1: name='LDMusic_Layer03', format=2, channels=2, frequency=48000, lengthbytes=3411808, lengthpcm=5266285, pcmblocksize=0, loopstart=0, loopend=0, mode=0x00000000, channelmask=0x00000000, channelorder=0, peakvolume=0.955048.
[LOG] AsyncThread::threadFunc                  : Finished Asynchronous operation on sound 0000000043323C18
[LOG] SoundI::getSubSound                      : sound 0000000043323558.  Subsound index 0 / 1
[LOG] SoundI::getSubSound                      : sound 0000000043322E98.  Subsound index 0 / 1
[LOG] SoundI::getSubSound                      : sound 0000000043323C18.  Subsound index 0 / 1
[LOG] SystemI::createSoundInternal             : Create name='', mode=0x02000202
[LOG] SystemI::createSoundInternal             : exinfo->cbsize             = 232
[LOG] SystemI::createSoundInternal             : exinfo->length             = 10900224
[LOG] SystemI::createSoundInternal             : exinfo->fileoffset         = 54112
[LOG] SystemI::createSoundInternal             : exinfo->numsubsounds       = 1
[LOG] SystemI::createSoundInternal             : exinfo->inclusionlist      = 000000007D0AF5FC
[LOG] SystemI::createSoundInternal             : exinfo->inclusionlistnum   = 1
[LOG] SystemI::createSoundInternal             : exinfo->suggestedsoundtype = 5
[LOG] SystemI::createSoundInternal             : exinfo->useropen           = 00007FF8CF26E4B0
[LOG] SystemI::createSoundInternal             : exinfo->userclose          = 00007FF8CF26E480
[LOG] SystemI::createSoundInternal             : exinfo->userread           = 00007FF8CF26E580
[LOG] SystemI::createSoundInternal             : exinfo->userseek           = 00007FF8CF26E640
[LOG] SystemI::createSoundInternal             : exinfo->fileuserdata       = 000000006473A688
[LOG] SystemI::createSoundInternal             : exinfo->initialseekpostype = 1
[LOG] SystemI::DSPCodecPoolRegister            : register codec pool for pool type 5
[LOG] SystemI::createSoundInternal             : Sample 0/1: name='char_normalattack02', format=2, channels=1, frequency=48000, lengthbytes=7008, lengthpcm=24000, pcmblocksize=0, loopstart=0, loopend=0, mode=0x00000000, channelmask=0x00000000, channelorder=0, peakvolume=0.414185.
[LOG] SystemI::createSoundInternal             : Create name='', mode=0x02000202
[LOG] SystemI::createSoundInternal             : exinfo->cbsize             = 232
[LOG] SystemI::createSoundInternal             : exinfo->length             = 10900224
[LOG] SystemI::createSoundInternal             : exinfo->fileoffset         = 54112
[LOG] SystemI::createSoundInternal             : exinfo->numsubsounds       = 1
[LOG] SystemI::createSoundInternal             : exinfo->inclusionlist      = 000000007D0AF5FC
[LOG] SystemI::createSoundInternal             : exinfo->inclusionlistnum   = 1
[LOG] SystemI::createSoundInternal             : exinfo->suggestedsoundtype = 5
[LOG] SystemI::createSoundInternal             : exinfo->useropen           = 00007FF8CF26E4B0
[LOG] SystemI::createSoundInternal             : exinfo->userclose          = 00007FF8CF26E480
[LOG] SystemI::createSoundInternal             : exinfo->userread           = 00007FF8CF26E580
[LOG] SystemI::createSoundInternal             : exinfo->userseek           = 00007FF8CF26E640
[LOG] SystemI::createSoundInternal             : exinfo->fileuserdata       = 000000006473A688
[LOG] SystemI::createSoundInternal             : exinfo->initialseekpostype = 1
[LOG] SystemI::DSPCodecPoolRegister            : register codec pool for pool type 5
[LOG] SystemI::createSoundInternal             : Sample 0/1: name='char_normalattack03', format=2, channels=1, frequency=48000, lengthbytes=8544, lengthpcm=27030, pcmblocksize=0, loopstart=0, loopend=0, mode=0x00000000, channelmask=0x00000000, channelorder=0, peakvolume=0.349518.
[LOG] SystemI::createSoundInternal             : Create name='', mode=0x02000202
[LOG] SystemI::createSoundInternal             : exinfo->cbsize             = 232
[LOG] SystemI::createSoundInternal             : exinfo->length             = 10900224
[LOG] SystemI::createSoundInternal             : exinfo->fileoffset         = 54112
[LOG] SystemI::createSoundInternal             : exinfo->numsubsounds       = 1
[LOG] SystemI::createSoundInternal             : exinfo->inclusionlist      = 000000007D0AF5FC
[LOG] SystemI::createSoundInternal             : exinfo->inclusionlistnum   = 1
[LOG] SystemI::createSoundInternal             : exinfo->suggestedsoundtype = 5
[LOG] SystemI::createSoundInternal             : exinfo->useropen           = 00007FF8CF26E4B0
[LOG] SystemI::createSoundInternal             : exinfo->userclose          = 00007FF8CF26E480
[LOG] SystemI::createSoundInternal             : exinfo->userread           = 00007FF8CF26E580
[LOG] SystemI::createSoundInternal             : exinfo->userseek           = 00007FF8CF26E640
[LOG] SystemI::createSoundInternal             : exinfo->fileuserdata       = 000000006473A688
[LOG] SystemI::createSoundInternal             : exinfo->initialseekpostype = 1
[LOG] SystemI::DSPCodecPoolRegister            : register codec pool for pool type 5
[LOG] SystemI::createSoundInternal             : Sample 0/1: name='char_normalattack01', format=2, channels=1, frequency=48000, lengthbytes=7360, lengthpcm=22652, pcmblocksize=0, loopstart=0, loopend=0, mode=0x00000000, channelmask=0x00000000, channelorder=0, peakvolume=0.279602.
[LOG] SystemI::createSoundInternal             : Create name='', mode=0x02000202
[LOG] SystemI::createSoundInternal             : exinfo->cbsize             = 232
[LOG] SystemI::createSoundInternal             : exinfo->length             = 10900224
[LOG] SystemI::createSoundInternal             : exinfo->fileoffset         = 54112
[LOG] SystemI::createSoundInternal             : exinfo->numsubsounds       = 1
[LOG] SystemI::createSoundInternal             : exinfo->inclusionlist      = 000000007D0AF5FC
[LOG] SystemI::createSoundInternal             : exinfo->inclusionlistnum   = 1
[LOG] SystemI::createSoundInternal             : exinfo->suggestedsoundtype = 5
[LOG] SystemI::createSoundInternal             : exinfo->useropen           = 00007FF8CF26E4B0
[LOG] SystemI::createSoundInternal             : exinfo->userclose          = 00007FF8CF26E480
[LOG] SystemI::createSoundInternal             : exinfo->userread           = 00007FF8CF26E580
[LOG] SystemI::createSoundInternal             : exinfo->userseek           = 00007FF8CF26E640
[LOG] SystemI::createSoundInternal             : exinfo->fileuserdata       = 000000006473A688
[LOG] SystemI::createSoundInternal             : exinfo->initialseekpostype = 1
[LOG] SystemI::DSPCodecPoolRegister            : register codec pool for pool type 5
[LOG] SystemI::createSoundInternal             : Sample 0/1: name='charVO_normalattack03', format=2, channels=1, frequency=48000, lengthbytes=5568, lengthpcm=17999, pcmblocksize=0, loopstart=0, loopend=0, mode=0x00000000, channelmask=0x00000000, channelorder=0, peakvolume=0.811768.
[LOG] SystemI::createSoundInternal             : Create name='', mode=0x02000202
[LOG] SystemI::createSoundInternal             : exinfo->cbsize             = 232
[LOG] SystemI::createSoundInternal             : exinfo->length             = 10900224
[LOG] SystemI::createSoundInternal             : exinfo->fileoffset         = 54112
[LOG] SystemI::createSoundInternal             : exinfo->numsubsounds       = 1
[LOG] SystemI::createSoundInternal             : exinfo->inclusionlist      = 000000007D0AF5FC
[LOG] SystemI::createSoundInternal             : exinfo->inclusionlistnum   = 1
[LOG] SystemI::createSoundInternal             : exinfo->suggestedsoundtype = 5
[LOG] SystemI::createSoundInternal             : exinfo->useropen           = 00007FF8CF26E4B0
[LOG] SystemI::createSoundInternal             : exinfo->userclose          = 00007FF8CF26E480
[LOG] SystemI::createSoundInternal             : exinfo->userread           = 00007FF8CF26E580
[LOG] SystemI::createSoundInternal             : exinfo->userseek           = 00007FF8CF26E640
[LOG] SystemI::createSoundInternal             : exinfo->fileuserdata       = 000000006473A688
[LOG] SystemI::createSoundInternal             : exinfo->initialseekpostype = 1
[LOG] SystemI::DSPCodecPoolRegister            : register codec pool for pool type 5
[LOG] SystemI::createSoundInternal             : Sample 0/1: name='charVO_normalattack01', format=2, channels=1, frequency=48000, lengthbytes=5152, lengthpcm=16989, pcmblocksize=0, loopstart=0, loopend=0, mode=0x00000000, channelmask=0x00000000, channelorder=0, peakvolume=0.771545.
[LOG] SystemI::createSoundInternal             : Create name='', mode=0x02000202
[LOG] SystemI::createSoundInternal             : exinfo->cbsize             = 232
[LOG] SystemI::createSoundInternal             : exinfo->length             = 10900224
[LOG] SystemI::createSoundInternal             : exinfo->fileoffset         = 54112
[LOG] SystemI::createSoundInternal             : exinfo->numsubsounds       = 1
[LOG] SystemI::createSoundInternal             : exinfo->inclusionlist      = 000000007D0AF5FC
[LOG] SystemI::createSoundInternal             : exinfo->inclusionlistnum   = 1
[LOG] SystemI::createSoundInternal             : exinfo->suggestedsoundtype = 5
[LOG] SystemI::createSoundInternal             : exinfo->useropen           = 00007FF8CF26E4B0
[LOG] SystemI::createSoundInternal             : exinfo->userclose          = 00007FF8CF26E480
[LOG] SystemI::createSoundInternal             : exinfo->userread           = 00007FF8CF26E580
[LOG] SystemI::createSoundInternal             : exinfo->userseek           = 00007FF8CF26E640
[LOG] SystemI::createSoundInternal             : exinfo->fileuserdata       = 000000006473A688
[LOG] SystemI::createSoundInternal             : exinfo->initialseekpostype = 1
[LOG] SystemI::DSPCodecPoolRegister            : register codec pool for pool type 5
[LOG] SystemI::createSoundInternal             : Sample 0/1: name='charVO_normalattack02', format=2, channels=1, frequency=48000, lengthbytes=5600, lengthpcm=17999, pcmblocksize=0, loopstart=0, loopend=0, mode=0x00000000, channelmask=0x00000000, channelorder=0, peakvolume=0.944092.
[LOG] SystemI::createSoundInternal             : Create name='', mode=0x02000202
[LOG] SystemI::createSoundInternal             : exinfo->cbsize             = 232
[LOG] SystemI::createSoundInternal             : exinfo->length             = 10900224
[LOG] SystemI::createSoundInternal             : exinfo->fileoffset         = 54112
[LOG] SystemI::createSoundInternal             : exinfo->numsubsounds       = 1
[LOG] SystemI::createSoundInternal             : exinfo->inclusionlist      = 000000007D0AF5FC
[LOG] SystemI::createSoundInternal             : exinfo->inclusionlistnum   = 1
[LOG] SystemI::createSoundInternal             : exinfo->suggestedsoundtype = 5
[LOG] SystemI::createSoundInternal             : exinfo->useropen           = 00007FF8CF26E4B0
[LOG] SystemI::createSoundInternal             : exinfo->userclose          = 00007FF8CF26E480
[LOG] SystemI::createSoundInternal             : exinfo->userread           = 00007FF8CF26E580
[LOG] SystemI::createSoundInternal             : exinfo->userseek           = 00007FF8CF26E640
[LOG] SystemI::createSoundInternal             : exinfo->fileuserdata       = 0000000064739588
[LOG] SystemI::createSoundInternal             : exinfo->initialseekpostype = 1
[LOG] SystemI::DSPCodecPoolRegister            : register codec pool for pool type 5
[LOG] SystemI::createSoundInternal             : Sample 0/1: name='charVO_pain03', format=2, channels=1, frequency=48000, lengthbytes=6016, lengthpcm=18750, pcmblocksize=0, loopstart=0, loopend=0, mode=0x00000000, channelmask=0x00000000, channelorder=0, peakvolume=0.665375.
[LOG] SystemI::createSoundInternal             : Create name='', mode=0x02000202
[LOG] SystemI::createSoundInternal             : exinfo->cbsize             = 232
[LOG] SystemI::createSoundInternal             : exinfo->length             = 10900224
[LOG] SystemI::createSoundInternal             : exinfo->fileoffset         = 54112
[LOG] SystemI::createSoundInternal             : exinfo->numsubsounds       = 1
[LOG] SystemI::createSoundInternal             : exinfo->inclusionlist      = 000000007D0AF5FC
[LOG] SystemI::createSoundInternal             : exinfo->inclusionlistnum   = 1
[LOG] SystemI::createSoundInternal             : exinfo->suggestedsoundtype = 5
[LOG] SystemI::createSoundInternal             : exinfo->useropen           = 00007FF8CF26E4B0
[LOG] SystemI::createSoundInternal             : exinfo->userclose          = 00007FF8CF26E480
[LOG] SystemI::createSoundInternal             : exinfo->userread           = 00007FF8CF26E580
[LOG] SystemI::createSoundInternal             : exinfo->userseek           = 00007FF8CF26E640
[LOG] SystemI::createSoundInternal             : exinfo->fileuserdata       = 0000000064739588
[LOG] SystemI::createSoundInternal             : exinfo->initialseekpostype = 1
[LOG] SystemI::DSPCodecPoolRegister            : register codec pool for pool type 5
[LOG] SystemI::createSoundInternal             : Sample 0/1: name='char_hitenemy02', format=2, channels=1, frequency=48000, lengthbytes=8384, lengthpcm=22500, pcmblocksize=0, loopstart=0, loopend=0, mode=0x00000000, channelmask=0x00000000, channelorder=0, peakvolume=0.608887.
[LOG] SystemI::createSoundInternal             : Create name='', mode=0x02000202
[LOG] SystemI::createSoundInternal             : exinfo->cbsize             = 232
[LOG] SystemI::createSoundInternal             : exinfo->length             = 10900224
[LOG] SystemI::createSoundInternal             : exinfo->fileoffset         = 54112
[LOG] SystemI::createSoundInternal             : exinfo->numsubsounds       = 1
[LOG] SystemI::createSoundInternal             : exinfo->inclusionlist      = 000000007D0AF5FC
[LOG] SystemI::createSoundInternal             : exinfo->inclusionlistnum   = 1
[LOG] SystemI::createSoundInternal             : exinfo->suggestedsoundtype = 5
[LOG] SystemI::createSoundInternal             : exinfo->useropen           = 00007FF8CF26E4B0
[LOG] SystemI::createSoundInternal             : exinfo->userclose          = 00007FF8CF26E480
[LOG] SystemI::createSoundInternal             : exinfo->userread           = 00007FF8CF26E580
[LOG] SystemI::createSoundInternal             : exinfo->userseek           = 00007FF8CF26E640
[LOG] SystemI::createSoundInternal             : exinfo->fileuserdata       = 0000000064739588
[LOG] SystemI::createSoundInternal             : exinfo->initialseekpostype = 1
[LOG] SystemI::DSPCodecPoolRegister            : register codec pool for pool type 5
[LOG] SystemI::createSoundInternal             : Sample 0/1: name='charVO_pain01', format=2, channels=1, frequency=48000, lengthbytes=5728, lengthpcm=17999, pcmblocksize=0, loopstart=0, loopend=0, mode=0x00000000, channelmask=0x00000000, channelorder=0, peakvolume=0.651031.
[LOG] SystemI::createSoundInternal             : Create name='', mode=0x02000202
[LOG] SystemI::createSoundInternal             : exinfo->cbsize             = 232
[LOG] SystemI::createSoundInternal             : exinfo->length             = 10900224
[LOG] SystemI::createSoundInternal             : exinfo->fileoffset         = 54112
[LOG] SystemI::createSoundInternal             : exinfo->numsubsounds       = 1
[LOG] SystemI::createSoundInternal             : exinfo->inclusionlist      = 000000007D0AF5FC
[LOG] SystemI::createSoundInternal             : exinfo->inclusionlistnum   = 1
[LOG] SystemI::createSoundInternal             : exinfo->suggestedsoundtype = 5
[LOG] SystemI::createSoundInternal             : exinfo->useropen           = 00007FF8CF26E4B0
[LOG] SystemI::createSoundInternal             : exinfo->userclose          = 00007FF8CF26E480
[LOG] SystemI::createSoundInternal             : exinfo->userread           = 00007FF8CF26E580
[LOG] SystemI::createSoundInternal             : exinfo->userseek           = 00007FF8CF26E640
[LOG] SystemI::createSoundInternal             : exinfo->fileuserdata       = 0000000064739588
[LOG] SystemI::createSoundInternal             : exinfo->initialseekpostype = 1
[LOG] SystemI::DSPCodecPoolRegister            : register codec pool for pool type 5
[LOG] SystemI::createSoundInternal             : Sample 0/1: name='char_hitenemy01', format=2, channels=1, frequency=48000, lengthbytes=6720, lengthpcm=24000, pcmblocksize=0, loopstart=0, loopend=0, mode=0x00000000, channelmask=0x00000000, channelorder=0, peakvolume=0.669678.
[LOG] SystemI::createSoundInternal             : Create name='', mode=0x02000202
[LOG] SystemI::createSoundInternal             : exinfo->cbsize             = 232
[LOG] SystemI::createSoundInternal             : exinfo->length             = 10900224
[LOG] SystemI::createSoundInternal             : exinfo->fileoffset         = 54112
[LOG] SystemI::createSoundInternal             : exinfo->numsubsounds       = 1
[LOG] SystemI::createSoundInternal             : exinfo->inclusionlist      = 000000007D0AF5FC
[LOG] SystemI::createSoundInternal             : exinfo->inclusionlistnum   = 1
[LOG] SystemI::createSoundInternal             : exinfo->suggestedsoundtype = 5
[LOG] SystemI::createSoundInternal             : exinfo->useropen           = 00007FF8CF26E4B0
[LOG] SystemI::createSoundInternal             : exinfo->userclose          = 00007FF8CF26E480
[LOG] SystemI::createSoundInternal             : exinfo->userread           = 00007FF8CF26E580
[LOG] SystemI::createSoundInternal             : exinfo->userseek           = 00007FF8CF26E640
[LOG] SystemI::createSoundInternal             : exinfo->fileuserdata       = 0000000064739588
[LOG] SystemI::createSoundInternal             : exinfo->initialseekpostype = 1
[LOG] SystemI::DSPCodecPoolRegister            : register codec pool for pool type 5
[LOG] SystemI::createSoundInternal             : Sample 0/1: name='charVO_pain02', format=2, channels=1, frequency=48000, lengthbytes=5536, lengthpcm=17999, pcmblocksize=0, loopstart=0, loopend=0, mode=0x00000000, channelmask=0x00000000, channelorder=0, peakvolume=0.506348.
[LOG] SoundI::release                          : LDMusic_Layer03 (0000000043323C18)
[LOG] SoundI::release                          :     LDMusic_Layer03 (0000000064DB44E8)
[LOG] SoundI::release                          :     LDMusic_Layer03 (00000000433238B8)
[LOG] SoundI::release                          : LDMusic_Layer02 (0000000043322E98)
[LOG] SoundI::release                          :     LDMusic_Layer02 (0000000064DB34A8)
[LOG] SoundI::release                          :     LDMusic_Layer02 (0000000043322628)
[LOG] SoundI::release                          : LDMusic_Layer01 (0000000043323558)
[LOG] SoundI::release                          :     LDMusic_Layer01 (0000000064DB4828)
[LOG] SoundI::release                          :     LDMusic_Layer01 (0000000043323708)
[LOG] SoundI::release                          :  (00000000619DCD58)
[LOG] SoundI::release                          :     char_normalattack01 (0000000064DB5BA8)
[LOG] SoundI::release                          :  (00000000619DC628)
[LOG] SoundI::release                          :     char_normalattack02 (0000000064DB51E8)
[LOG] SoundI::release                          :  (00000000619DD1A8)
[LOG] SoundI::release                          :     char_normalattack03 (0000000064DB4D08)
[LOG] SoundI::release                          :  (00000000619DBC18)
[LOG] SoundI::release                          :     charVO_normalattack01 (0000000064DB3988)
[LOG] SoundI::release                          :  (00000000619DBEF8)
[LOG] SoundI::release                          :     charVO_normalattack02 (0000000064DB4B68)
[LOG] SoundI::release                          :  (00000000619DD488)
[LOG] SoundI::release                          :     charVO_normalattack03 (0000000064DB5D48)
[LOG] SoundI::release                          :  (0000000064888968)
[LOG] SoundI::release                          :     charVO_pain01 (0000000064DB3648)
[LOG] SoundI::release                          :  (00000000648883A8)
[LOG] SoundI::release                          :     charVO_pain02 (0000000064DB3CC8)
[LOG] SoundI::release                          :  (0000000064889208)
[LOG] SoundI::release                          :     charVO_pain03 (0000000064DB3B28)
[LOG] SoundI::release                          :  (00000000648880C8)
[LOG] SoundI::release                          :     char_hitenemy01 (0000000064DB37E8)
[LOG] SoundI::release                          :  (0000000064887DE8)
[LOG] SoundI::release                          :     char_hitenemy02 (0000000064DB4EA8)
[LOG] SoundI::release                          :  (00000000619DD768)
[LOG] SoundI::release                          :     enemyVO_grunts01 (0000000064DB5528)
[LOG] SoundI::release                          :  (00000000619DDA48)
[LOG] SoundI::release                          :     enemyVO_grunts02 (0000000064DB5EE8)
[LOG] SoundI::release                          :  (00000000619DC348)
[LOG] SoundI::release                          :     enemyVO_grunts03 (0000000064DB49C8)
[LOG] Thread::callback                         : FMOD Studio update thread finished.
[LOG] Thread::callback                         : FMOD Studio bank load thread finished.
[LOG] Profile::disconnectAll                   : Profiler disconnecting all clients
[LOG] Thread::callback                         : FMOD Studio sample load thread finished.
[LOG] LiveUpdate::release                      : 
[LOG] LiveUpdate::reset                        : Reset connection (reason Disconnected)
[LOG] Thread::callback                         : FMOD stream thread finished.
[LOG] Thread::callback                         : FMOD mixer thread finished.
[LOG] Profile::disconnectAll                   : Profiler disconnecting all clients
[LOG] Thread::callback                         : FMOD nonblocking thread (0) finished.
[LOG] Thread::callback                         : FMOD file thread finished.
[LOG] SystemI::close                           : Closed.
